info: ::1 - - [25/May/2022:02:37:03 +0000] "POST /api/v1/ HTTP/1.1" 404 47 "-" "PostmanRuntime/7.29.0"

info: ::1 - - [25/May/2022:02:37:16 +0000] "GET /api/v1/ HTTP/1.1" 200 9 "-" "PostmanRuntime/7.29.0"

info: ::1 - - [25/May/2022:02:37:32 +0000] "GET /api/v1/ HTTP/1.1" 200 9 "-" "PostmanRuntime/7.29.0"

info: ::1 - - [25/May/2022:02:38:32 +0000] "GET /api/v1/users HTTP/1.1" 404 47 "-" "PostmanRuntime/7.29.0"

info: ::1 - - [25/May/2022:02:38:46 +0000] "GET /api/v1/user HTTP/1.1" 200 39654 "-" "PostmanRuntime/7.29.0"

info: ::1 - - [25/May/2022:02:39:18 +0000] "POST /api/v1/user HTTP/1.1" 500 55 "-" "PostmanRuntime/7.29.0"

info: ::1 - - [25/May/2022:02:39:32 +0000] "POST /api/v1/user HTTP/1.1" 500 55 "-" "PostmanRuntime/7.29.0"

info: ::1 - - [25/May/2022:02:40:51 +0000] "POST /api/v1/user HTTP/1.1" 201 194 "-" "PostmanRuntime/7.29.0"

info: ::1 - - [25/May/2022:02:59:16 +0000] "POST /api/v1/users HTTP/1.1" 201 194 "-" "PostmanRuntime/7.29.0"

info: ::1 - - [25/May/2022:02:59:52 +0000] "POST /api/v1/users HTTP/1.1" 201 193 "-" "PostmanRuntime/7.29.0"

info: ::1 - - [25/May/2022:04:36:06 +0000] "GET /api/v1/users HTTP/1.1" 200 65 "-" "PostmanRuntime/7.29.0"

info: ::1 - - [25/May/2022:04:45:39 +0000] "POST /api/v1/users HTTP/1.1" 201 193 "-" "PostmanRuntime/7.29.0"

info: ::1 - - [25/May/2022:04:46:05 +0000] "POST /api/v1/users HTTP/1.1" 201 194 "-" "PostmanRuntime/7.29.0"

info: ::1 - - [25/May/2022:06:07:23 +0000] "POST /api/v1/users HTTP/1.1" 500 98 "-" "PostmanRuntime/7.29.0"

info: ::1 - - [25/May/2022:06:39:21 +0000] "POST /api/v1/users HTTP/1.1" 201 194 "-" "PostmanRuntime/7.29.0"

info: ::1 - - [25/May/2022:06:39:39 +0000] "POST /api/v1/users HTTP/1.1" 201 193 "-" "PostmanRuntime/7.29.0"

info: ::1 - - [25/May/2022:06:39:56 +0000] "POST /api/v1/users HTTP/1.1" 201 193 "-" "PostmanRuntime/7.29.0"

info: ::1 - - [25/May/2022:06:40:15 +0000] "GET /api/v1/users HTTP/1.1" 200 746 "-" "PostmanRuntime/7.29.0"

info: ::1 - - [25/May/2022:06:41:15 +0000] "GET /api/v1/users/628dcf2a7e567213ecbe3b66 HTTP/1.1" 400 56 "-" "PostmanRuntime/7.29.0"

info: ::1 - - [25/May/2022:06:42:31 +0000] "PATCH /api/v1/users/628dcf2a7e567213ecbe3b66 HTTP/1.1" 404 47 "-" "PostmanRuntime/7.29.0"

info: ::1 - - [25/May/2022:06:43:31 +0000] "PATCH /api/v1/users/628dcf2a7e567213ecbe3b66 HTTP/1.1" 404 47 "-" "PostmanRuntime/7.29.0"

info: ::1 - - [25/May/2022:06:43:45 +0000] "PATCH /api/v1/users/ HTTP/1.1" 404 47 "-" "PostmanRuntime/7.29.0"

info: ::1 - - [25/May/2022:10:41:32 +0000] "PATCH /api/v1/users/sneha HTTP/1.1" 404 47 "-" "PostmanRuntime/7.29.0"

info: ::1 - - [25/May/2022:10:41:42 +0000] "PATCH /api/v1/users/628dcf2a7e567213ecbe3b66 HTTP/1.1" 404 47 "-" "PostmanRuntime/7.29.0"

info: ::1 - - [25/May/2022:10:41:57 +0000] "DELETE /api/v1/users/628dcf2a7e567213ecbe3b66 HTTP/1.1" 200 60 "-" "PostmanRuntime/7.29.0"

info: ::1 - - [25/May/2022:10:42:19 +0000] "GET /api/v1/users HTTP/1.1" 200 610 "-" "PostmanRuntime/7.29.0"

info: ::1 - - [25/May/2022:10:42:47 +0000] "DELETE /api/v1/users/628db4724103d3313c37a445 HTTP/1.1" 200 60 "-" "PostmanRuntime/7.29.0"

info: ::1 - - [25/May/2022:10:43:03 +0000] "GET /api/v1/users HTTP/1.1" 200 474 "-" "PostmanRuntime/7.29.0"

info: ::1 - - [25/May/2022:10:43:46 +0000] "DELETE /api/v1/users/628db48d4103d3313c37a447 HTTP/1.1" 200 60 "-" "PostmanRuntime/7.29.0"

info: ::1 - - [25/May/2022:10:44:24 +0000] "GET /api/v1/users HTTP/1.1" 200 337 "-" "PostmanRuntime/7.29.0"

info: ::1 - - [25/May/2022:10:45:16 +0000] "PATCH /api/v1/users/628dcf3c7e567213ecbe3b68 HTTP/1.1" 404 47 "-" "PostmanRuntime/7.29.0"

info: ::1 - - [25/May/2022:10:46:01 +0000] "PATCH /api/v1/users/628dcf3c7e567213ecbe3b68 HTTP/1.1" 404 47 "-" "PostmanRuntime/7.29.0"

info: ::1 - - [25/May/2022:10:51:18 +0000] "GET /api/v1/users HTTP/1.1" 200 337 "-" "PostmanRuntime/7.29.0"

info: ::1 - - [25/May/2022:10:51:41 +0000] "POST /api/v1/users HTTP/1.1" 201 193 "-" "PostmanRuntime/7.29.0"

info: ::1 - - [25/May/2022:10:52:35 +0000] "PUT /api/v1/users/?628e0a3d2ee2641c147c3bc2 HTTP/1.1" 404 47 "-" "PostmanRuntime/7.29.0"

info: ::1 - - [25/May/2022:10:58:19 +0000] "PUT /api/v1/users/628e0a3d2ee2641c147c3bc2 HTTP/1.1" 500 105 "-" "PostmanRuntime/7.29.0"

info: ::1 - - [25/May/2022:10:58:55 +0000] "PUT /api/v1/users/628e0a3d2ee2641c147c3bc2 HTTP/1.1" 500 105 "-" "PostmanRuntime/7.29.0"

info: ::1 - - [25/May/2022:11:00:57 +0000] "PUT /api/v1/users/628e0a3d2ee2641c147c3bc2 HTTP/1.1" 202 193 "-" "PostmanRuntime/7.29.0"

info: ::1 - - [25/May/2022:11:01:22 +0000] "GET /api/v1/users HTTP/1.1" 200 473 "-" "PostmanRuntime/7.29.0"

info: ::1 - - [25/May/2022:11:03:09 +0000] "GET /api/v1/users/628dcf187e567213ecbe3b64 HTTP/1.1" 400 56 "-" "PostmanRuntime/7.29.0"

info: ::1 - - [25/May/2022:11:03:46 +0000] "POST /api/v1/users HTTP/1.1" 201 192 "-" "PostmanRuntime/7.29.0"

info: ::1 - - [25/May/2022:11:04:38 +0000] "POST /api/v1/users HTTP/1.1" 201 192 "-" "PostmanRuntime/7.29.0"

info: ::1 - - [25/May/2022:11:04:54 +0000] "GET /api/v1/users HTTP/1.1" 200 743 "-" "PostmanRuntime/7.29.0"

info: ::1 - - [25/May/2022:11:05:29 +0000] "PUT /api/v1/users/628e0d46300ec0282c0d030f HTTP/1.1" 202 193 "-" "PostmanRuntime/7.29.0"

info: ::1 - - [25/May/2022:11:05:43 +0000] "GET /api/v1/users HTTP/1.1" 200 744 "-" "PostmanRuntime/7.29.0"

info: ::1 - - [25/May/2022:11:06:07 +0000] "DELETE /api/v1/users/628e0d46300ec0282c0d030f HTTP/1.1" 200 60 "-" "PostmanRuntime/7.29.0"

info: ::1 - - [25/May/2022:11:06:21 +0000] "GET /api/v1/users HTTP/1.1" 200 608 "-" "PostmanRuntime/7.29.0"

