info: Server started at http://localhost:3000/api/v1/ {"timestamp":"2022-05-26T02:19:57.963Z"}
info: Connected to the database. {"timestamp":"2022-05-26T02:20:02.748Z"}
error: 
      status - 400
      message - Authorization token is required 
      url - /api/v1/users/628dcf187e567213ecbe3b64 
      method - GET 
      IP - ::1
     {"timestamp":"2022-05-26T02:24:22.362Z"}
error: 
      status - 400
      message - Authorization token is required 
      url - /api/v1/users/628eea450fa00621a44167e0 
      method - GET 
      IP - ::1
     {"timestamp":"2022-05-26T02:48:52.843Z"}
info: Server started at http://localhost:3000/api/v1/ {"timestamp":"2022-05-26T02:50:23.432Z"}
info: Connected to the database. {"timestamp":"2022-05-26T02:50:29.519Z"}
info: Server started at http://localhost:3000/api/v1/ {"timestamp":"2022-05-26T02:52:50.781Z"}
info: Connected to the database. {"timestamp":"2022-05-26T02:52:55.066Z"}
